2020-04-14 09:05 +08:00: process controller: api.js...
2020-04-14 09:05 +08:00: process.env.NODE_ENV : undefined
2020-04-14 09:05 +08:00: register URL mapping: GET /api
2020-04-14 09:05 +08:00: process controller: controllers.js...
2020-04-14 09:05 +08:00: process controller: hello.js...
2020-04-14 09:05 +08:00: register URL mapping: GET /hello/:name
2020-04-14 09:05 +08:00: process controller: index.js...
2020-04-14 09:05 +08:00: register URL mapping: GET /
2020-04-14 09:05 +08:00: register URL mapping: POST /signin
2020-04-14 09:05 +08:00: listening on port 3000
2020-04-14 09:05 +08:00: Mongoose connection open to mongodb://39.100.197.196:27017/local
2020-04-14 09:06 +08:00: process controller: api.js...
2020-04-14 09:06 +08:00: process.env.NODE_ENV : undefined
2020-04-14 09:06 +08:00: register URL mapping: GET /api
2020-04-14 09:06 +08:00: process controller: controllers.js...
2020-04-14 09:06 +08:00: process controller: hello.js...
2020-04-14 09:06 +08:00: register URL mapping: GET /hello/:name
2020-04-14 09:06 +08:00: process controller: index.js...
2020-04-14 09:06 +08:00: register URL mapping: GET /
2020-04-14 09:06 +08:00: register URL mapping: POST /signin
2020-04-14 09:06 +08:00: listening on port 3000
2020-04-14 09:06 +08:00: Mongoose connection open to mongodb://39.100.197.196:27017/local
2020-04-14 09:06 +08:00: process controller: api.js...
2020-04-14 09:06 +08:00: process.env.NODE_ENV : undefined
2020-04-14 09:06 +08:00: register URL mapping: GET /api
2020-04-14 09:06 +08:00: process controller: controllers.js...
2020-04-14 09:06 +08:00: process controller: hello.js...
2020-04-14 09:06 +08:00: register URL mapping: GET /hello/:name
2020-04-14 09:06 +08:00: process controller: index.js...
2020-04-14 09:06 +08:00: register URL mapping: GET /
2020-04-14 09:06 +08:00: register URL mapping: POST /signin
2020-04-14 09:06 +08:00: listening on port 3000
2020-04-14 09:06 +08:00: Mongoose connection open to mongodb://39.100.197.196:27017/local
2020-04-14 09:06 +08:00: process controller: api.js...
2020-04-14 09:06 +08:00: process.env.NODE_ENV : undefined
2020-04-14 09:06 +08:00: register URL mapping: GET /api
2020-04-14 09:06 +08:00: process controller: controllers.js...
2020-04-14 09:06 +08:00: process controller: hello.js...
2020-04-14 09:06 +08:00: register URL mapping: GET /hello/:name
2020-04-14 09:06 +08:00: process controller: index.js...
2020-04-14 09:06 +08:00: register URL mapping: GET /
2020-04-14 09:06 +08:00: register URL mapping: POST /signin
2020-04-14 09:06 +08:00: listening on port 3000
2020-04-14 09:06 +08:00: Mongoose connection open to mongodb://39.100.197.196:27017/local
2020-04-14 09:06 +08:00: process controller: api.js...
2020-04-14 09:06 +08:00: process.env.NODE_ENV : undefined
2020-04-14 09:06 +08:00: register URL mapping: GET /api
2020-04-14 09:06 +08:00: process controller: controllers.js...
2020-04-14 09:06 +08:00: process controller: hello.js...
2020-04-14 09:06 +08:00: register URL mapping: GET /hello/:name
2020-04-14 09:06 +08:00: process controller: index.js...
2020-04-14 09:06 +08:00: register URL mapping: GET /
2020-04-14 09:06 +08:00: register URL mapping: POST /signin
2020-04-14 09:06 +08:00: listening on port 3000
2020-04-14 09:06 +08:00: Mongoose connection open to mongodb://39.100.197.196:27017/local
2020-04-14 09:06 +08:00: process controller: api.js...
2020-04-14 09:06 +08:00: process.env.NODE_ENV : undefined
2020-04-14 09:06 +08:00: register URL mapping: GET /api
2020-04-14 09:06 +08:00: process controller: controllers.js...
2020-04-14 09:06 +08:00: process controller: hello.js...
2020-04-14 09:06 +08:00: register URL mapping: GET /hello/:name
2020-04-14 09:06 +08:00: process controller: index.js...
2020-04-14 09:06 +08:00: register URL mapping: GET /
2020-04-14 09:06 +08:00: register URL mapping: POST /signin
2020-04-14 09:06 +08:00: listening on port 3000
2020-04-14 09:06 +08:00: Mongoose connection open to mongodb://39.100.197.196:27017/local
2020-04-14 09:06 +08:00: process controller: api.js...
2020-04-14 09:06 +08:00: process.env.NODE_ENV : undefined
2020-04-14 09:06 +08:00: register URL mapping: GET /api
2020-04-14 09:06 +08:00: process controller: controllers.js...
2020-04-14 09:06 +08:00: process controller: hello.js...
2020-04-14 09:06 +08:00: register URL mapping: GET /hello/:name
2020-04-14 09:06 +08:00: process controller: index.js...
2020-04-14 09:06 +08:00: register URL mapping: GET /
2020-04-14 09:06 +08:00: register URL mapping: POST /signin
2020-04-14 09:06 +08:00: listening on port 3000
2020-04-14 09:06 +08:00: Mongoose connection open to mongodb://39.100.197.196:27017/local
2020-04-14 09:06 +08:00: process controller: api.js...
2020-04-14 09:06 +08:00: process.env.NODE_ENV : undefined
2020-04-14 09:06 +08:00: register URL mapping: GET /api
2020-04-14 09:06 +08:00: process controller: controllers.js...
2020-04-14 09:06 +08:00: process controller: hello.js...
2020-04-14 09:06 +08:00: register URL mapping: GET /hello/:name
2020-04-14 09:06 +08:00: process controller: index.js...
2020-04-14 09:06 +08:00: register URL mapping: GET /
2020-04-14 09:06 +08:00: register URL mapping: POST /signin
2020-04-14 09:06 +08:00: listening on port 3000
2020-04-14 09:06 +08:00: Mongoose connection open to mongodb://39.100.197.196:27017/local
2020-04-14 09:06 +08:00: process controller: api.js...
2020-04-14 09:06 +08:00: process.env.NODE_ENV : undefined
2020-04-14 09:06 +08:00: register URL mapping: GET /api
2020-04-14 09:06 +08:00: process controller: controllers.js...
2020-04-14 09:06 +08:00: process controller: hello.js...
2020-04-14 09:06 +08:00: register URL mapping: GET /hello/:name
2020-04-14 09:06 +08:00: process controller: index.js...
2020-04-14 09:06 +08:00: register URL mapping: GET /
2020-04-14 09:06 +08:00: register URL mapping: POST /signin
2020-04-14 09:06 +08:00: listening on port 3000
2020-04-14 09:06 +08:00: Mongoose connection open to mongodb://39.100.197.196:27017/local
2020-04-14 09:06 +08:00: process controller: api.js...
2020-04-14 09:06 +08:00: process.env.NODE_ENV : undefined
2020-04-14 09:06 +08:00: register URL mapping: GET /api
2020-04-14 09:06 +08:00: process controller: controllers.js...
2020-04-14 09:06 +08:00: process controller: hello.js...
2020-04-14 09:06 +08:00: register URL mapping: GET /hello/:name
2020-04-14 09:06 +08:00: process controller: index.js...
2020-04-14 09:06 +08:00: register URL mapping: GET /
2020-04-14 09:06 +08:00: register URL mapping: POST /signin
2020-04-14 09:06 +08:00: listening on port 3000
2020-04-14 09:06 +08:00: Mongoose connection open to mongodb://39.100.197.196:27017/local
2020-04-14 09:06 +08:00: process controller: api.js...
2020-04-14 09:06 +08:00: process.env.NODE_ENV : undefined
2020-04-14 09:06 +08:00: register URL mapping: GET /api
2020-04-14 09:06 +08:00: process controller: controllers.js...
2020-04-14 09:06 +08:00: process controller: hello.js...
2020-04-14 09:06 +08:00: register URL mapping: GET /hello/:name
2020-04-14 09:06 +08:00: process controller: index.js...
2020-04-14 09:06 +08:00: register URL mapping: GET /
2020-04-14 09:06 +08:00: register URL mapping: POST /signin
2020-04-14 09:06 +08:00: listening on port 3000
2020-04-14 09:06 +08:00: Mongoose connection open to mongodb://39.100.197.196:27017/local
2020-04-14 09:07 +08:00: process controller: api.js...
2020-04-14 09:07 +08:00: process.env.NODE_ENV : undefined
2020-04-14 09:07 +08:00: register URL mapping: GET /api
2020-04-14 09:07 +08:00: process controller: controllers.js...
2020-04-14 09:07 +08:00: process controller: hello.js...
2020-04-14 09:07 +08:00: register URL mapping: GET /hello/:name
2020-04-14 09:07 +08:00: process controller: index.js...
2020-04-14 09:07 +08:00: register URL mapping: GET /
2020-04-14 09:07 +08:00: register URL mapping: POST /signin
2020-04-14 09:07 +08:00: listening on port 3000
2020-04-14 09:07 +08:00: Mongoose connection open to mongodb://39.100.197.196:27017/local
2020-04-14 09:07 +08:00: process controller: api.js...
2020-04-14 09:07 +08:00: process.env.NODE_ENV : undefined
2020-04-14 09:07 +08:00: register URL mapping: GET /api
2020-04-14 09:07 +08:00: process controller: controllers.js...
2020-04-14 09:07 +08:00: process controller: hello.js...
2020-04-14 09:07 +08:00: register URL mapping: GET /hello/:name
2020-04-14 09:07 +08:00: process controller: index.js...
2020-04-14 09:07 +08:00: register URL mapping: GET /
2020-04-14 09:07 +08:00: register URL mapping: POST /signin
2020-04-14 09:07 +08:00: listening on port 3000
2020-04-14 09:07 +08:00: Mongoose connection open to mongodb://39.100.197.196:27017/local
2020-04-14 09:07 +08:00: process controller: api.js...
2020-04-14 09:07 +08:00: process.env.NODE_ENV : undefined
2020-04-14 09:07 +08:00: register URL mapping: GET /api
2020-04-14 09:07 +08:00: process controller: controllers.js...
2020-04-14 09:07 +08:00: process controller: hello.js...
2020-04-14 09:07 +08:00: register URL mapping: GET /hello/:name
2020-04-14 09:07 +08:00: process controller: index.js...
2020-04-14 09:07 +08:00: register URL mapping: GET /
2020-04-14 09:07 +08:00: register URL mapping: POST /signin
2020-04-14 09:07 +08:00: listening on port 3000
2020-04-14 09:07 +08:00: Mongoose connection open to mongodb://39.100.197.196:27017/local
2020-04-14 09:07 +08:00: process controller: api.js...
2020-04-14 09:07 +08:00: process.env.NODE_ENV : undefined
2020-04-14 09:07 +08:00: register URL mapping: GET /api
2020-04-14 09:07 +08:00: process controller: controllers.js...
2020-04-14 09:07 +08:00: process controller: hello.js...
2020-04-14 09:07 +08:00: register URL mapping: GET /hello/:name
2020-04-14 09:07 +08:00: process controller: index.js...
2020-04-14 09:07 +08:00: register URL mapping: GET /
2020-04-14 09:07 +08:00: register URL mapping: POST /signin
2020-04-14 09:07 +08:00: listening on port 3000
2020-04-14 09:07 +08:00: Mongoose connection open to mongodb://39.100.197.196:27017/local
2020-04-14 09:07 +08:00: process controller: api.js...
2020-04-14 09:07 +08:00: process.env.NODE_ENV : undefined
2020-04-14 09:07 +08:00: register URL mapping: GET /api
2020-04-14 09:07 +08:00: process controller: controllers.js...
2020-04-14 09:07 +08:00: process controller: hello.js...
2020-04-14 09:07 +08:00: register URL mapping: GET /hello/:name
2020-04-14 09:07 +08:00: process controller: index.js...
2020-04-14 09:07 +08:00: register URL mapping: GET /
2020-04-14 09:07 +08:00: register URL mapping: POST /signin
2020-04-14 09:07 +08:00: listening on port 3000
2020-04-14 09:07 +08:00: Mongoose connection open to mongodb://39.100.197.196:27017/local
2020-04-14 09:07 +08:00: process controller: api.js...
2020-04-14 09:07 +08:00: process.env.NODE_ENV : undefined
2020-04-14 09:07 +08:00: register URL mapping: GET /api
2020-04-14 09:07 +08:00: process controller: controllers.js...
2020-04-14 09:07 +08:00: process controller: hello.js...
2020-04-14 09:07 +08:00: register URL mapping: GET /hello/:name
2020-04-14 09:07 +08:00: process controller: index.js...
2020-04-14 09:07 +08:00: register URL mapping: GET /
2020-04-14 09:07 +08:00: register URL mapping: POST /signin
2020-04-14 09:07 +08:00: listening on port 3000
2020-04-14 09:07 +08:00: Mongoose connection open to mongodb://39.100.197.196:27017/local
2020-04-14 09:07 +08:00: process controller: api.js...
2020-04-14 09:07 +08:00: process.env.NODE_ENV : undefined
2020-04-14 09:07 +08:00: register URL mapping: GET /api
2020-04-14 09:07 +08:00: process controller: controllers.js...
2020-04-14 09:07 +08:00: process controller: hello.js...
2020-04-14 09:07 +08:00: register URL mapping: GET /hello/:name
2020-04-14 09:07 +08:00: process controller: index.js...
2020-04-14 09:07 +08:00: register URL mapping: GET /
2020-04-14 09:07 +08:00: register URL mapping: POST /signin
2020-04-14 09:07 +08:00: listening on port 3000
2020-04-14 09:07 +08:00: Mongoose connection open to mongodb://39.100.197.196:27017/local
2020-04-14 09:07 +08:00: process controller: api.js...
2020-04-14 09:07 +08:00: process.env.NODE_ENV : undefined
2020-04-14 09:07 +08:00: register URL mapping: GET /api
2020-04-14 09:07 +08:00: process controller: controllers.js...
2020-04-14 09:07 +08:00: process controller: hello.js...
2020-04-14 09:07 +08:00: register URL mapping: GET /hello/:name
2020-04-14 09:07 +08:00: process controller: index.js...
2020-04-14 09:07 +08:00: register URL mapping: GET /
2020-04-14 09:07 +08:00: register URL mapping: POST /signin
2020-04-14 09:07 +08:00: listening on port 3000
2020-04-14 09:07 +08:00: Mongoose connection open to mongodb://39.100.197.196:27017/local
2020-04-14 09:07 +08:00: process controller: api.js...
2020-04-14 09:07 +08:00: process.env.NODE_ENV : undefined
2020-04-14 09:07 +08:00: register URL mapping: GET /api
2020-04-14 09:07 +08:00: process controller: controllers.js...
2020-04-14 09:07 +08:00: process controller: hello.js...
2020-04-14 09:07 +08:00: register URL mapping: GET /hello/:name
2020-04-14 09:07 +08:00: process controller: index.js...
2020-04-14 09:07 +08:00: register URL mapping: GET /
2020-04-14 09:07 +08:00: register URL mapping: POST /signin
2020-04-14 09:07 +08:00: listening on port 3000
2020-04-14 09:07 +08:00: Mongoose connection open to mongodb://39.100.197.196:27017/local
2020-04-14 09:07 +08:00: process controller: api.js...
2020-04-14 09:07 +08:00: process.env.NODE_ENV : undefined
2020-04-14 09:07 +08:00: register URL mapping: GET /api
2020-04-14 09:07 +08:00: process controller: controllers.js...
2020-04-14 09:07 +08:00: process controller: hello.js...
2020-04-14 09:07 +08:00: register URL mapping: GET /hello/:name
2020-04-14 09:07 +08:00: process controller: index.js...
2020-04-14 09:07 +08:00: register URL mapping: GET /
2020-04-14 09:07 +08:00: register URL mapping: POST /signin
2020-04-14 09:07 +08:00: listening on port 3000
2020-04-14 09:07 +08:00: Mongoose connection open to mongodb://39.100.197.196:27017/local
2020-04-14 09:07 +08:00: process controller: api.js...
2020-04-14 09:07 +08:00: process.env.NODE_ENV : undefined
2020-04-14 09:07 +08:00: register URL mapping: GET /api
2020-04-14 09:07 +08:00: process controller: controllers.js...
2020-04-14 09:07 +08:00: process controller: hello.js...
2020-04-14 09:07 +08:00: register URL mapping: GET /hello/:name
2020-04-14 09:07 +08:00: process controller: index.js...
2020-04-14 09:07 +08:00: register URL mapping: GET /
2020-04-14 09:07 +08:00: register URL mapping: POST /signin
2020-04-14 09:07 +08:00: listening on port 3000
2020-04-14 09:07 +08:00: Mongoose connection open to mongodb://39.100.197.196:27017/local
2020-04-14 09:07 +08:00: process controller: api.js...
2020-04-14 09:07 +08:00: process.env.NODE_ENV : undefined
2020-04-14 09:07 +08:00: register URL mapping: GET /api
2020-04-14 09:07 +08:00: process controller: controllers.js...
2020-04-14 09:07 +08:00: process controller: hello.js...
2020-04-14 09:07 +08:00: register URL mapping: GET /hello/:name
2020-04-14 09:07 +08:00: process controller: index.js...
2020-04-14 09:07 +08:00: register URL mapping: GET /
2020-04-14 09:07 +08:00: register URL mapping: POST /signin
2020-04-14 09:07 +08:00: listening on port 3000
2020-04-14 09:07 +08:00: Mongoose connection open to mongodb://39.100.197.196:27017/local
